2023.11.06 15:28:01 INFO  Started: Metals version 1.1.0 in folders '/home/marm/Documents/FormalVerification/cs550-main/labs/lab1' for client Visual Studio Code 1.84.0.
2023.11.06 15:28:03 INFO  Running List(/home/marm/.cache/scalacli/local-repo/bin/scala-cli/scala-cli, setup-ide, /home/marm/Documents/FormalVerification/cs550-main/labs/lab1)
2023.11.06 15:28:03 INFO  Attempting to connect to the build server...
2023.11.06 15:28:03 INFO  Running BSP server List(/home/marm/.cache/scalacli/local-repo/bin/scala-cli/scala-cli, bsp, --json-options, /home/marm/Documents/FormalVerification/cs550-main/labs/lab1/.scala-build/ide-options-v2.json, /home/marm/Documents/FormalVerification/cs550-main/labs/lab1)
2023.11.06 15:28:03 INFO  tracing is disabled for protocol BSP, to enable tracing of incoming and outgoing JSON messages create an empty file at /home/marm/Documents/FormalVerification/cs550-main/labs/lab1/.metals/bsp.trace.json or /home/marm/.cache/metals/bsp.trace.json
2023.11.06 15:28:04 INFO  BSP server: Downloading https://repo1.maven.org/maven2/org/scala-lang/scala3-compiler_3/3.2.0/scala3-compiler_3-3.2.0.pom
2023.11.06 15:28:04 INFO  BSP server: Downloaded https://repo1.maven.org/maven2/org/scala-lang/scala3-compiler_3/3.2.0/scala3-compiler_3-3.2.0.pom
2023.11.06 15:28:04 INFO  BSP server: Downloading https://repo1.maven.org/maven2/org/scala-lang/scala3-library_3/3.2.0/scala3-library_3-3.2.0.pom
2023.11.06 15:28:04 INFO  BSP server: Downloading https://repo1.maven.org/maven2/org/scala-lang/tasty-core_3/3.2.0/tasty-core_3-3.2.0.pom
2023.11.06 15:28:04 INFO  BSP server: Downloading https://repo1.maven.org/maven2/org/scala-lang/modules/scala-asm/9.3.0-scala-1/scala-asm-9.3.0-scala-1.pom
2023.11.06 15:28:04 INFO  BSP server: Downloading https://repo1.maven.org/maven2/org/scala-lang/scala3-interfaces/3.2.0/scala3-interfaces-3.2.0.pom
2023.11.06 15:28:04 INFO  BSP server: Downloaded https://repo1.maven.org/maven2/org/scala-lang/scala3-library_3/3.2.0/scala3-library_3-3.2.0.pom
2023.11.06 15:28:04 INFO  BSP server: Downloaded https://repo1.maven.org/maven2/org/scala-lang/modules/scala-asm/9.3.0-scala-1/scala-asm-9.3.0-scala-1.pom
2023.11.06 15:28:04 INFO  BSP server: Downloaded https://repo1.maven.org/maven2/org/scala-lang/tasty-core_3/3.2.0/tasty-core_3-3.2.0.pom
2023.11.06 15:28:04 INFO  BSP server: Downloaded https://repo1.maven.org/maven2/org/scala-lang/scala3-interfaces/3.2.0/scala3-interfaces-3.2.0.pom
2023.11.06 15:28:04 INFO  BSP server: Downloading https://repo1.maven.org/maven2/org/scala-lang/scala-library/2.13.8/scala-library-2.13.8.pom
2023.11.06 15:28:04 INFO  BSP server: Downloaded https://repo1.maven.org/maven2/org/scala-lang/scala-library/2.13.8/scala-library-2.13.8.pom
2023.11.06 15:28:04 INFO  BSP server: Downloading https://repo1.maven.org/maven2/org/scala-lang/scala-library/2.13.8/scala-library-2.13.8.jar
2023.11.06 15:28:04 INFO  BSP server: Downloading https://repo1.maven.org/maven2/org/scala-lang/scala3-compiler_3/3.2.0/scala3-compiler_3-3.2.0.jar
2023.11.06 15:28:04 INFO  BSP server: Downloading https://repo1.maven.org/maven2/org/scala-lang/scala3-interfaces/3.2.0/scala3-interfaces-3.2.0.jar
2023.11.06 15:28:04 INFO  BSP server: Downloading https://repo1.maven.org/maven2/org/scala-lang/scala3-library_3/3.2.0/scala3-library_3-3.2.0.jar
2023.11.06 15:28:04 INFO  BSP server: Downloading https://repo1.maven.org/maven2/org/scala-lang/modules/scala-asm/9.3.0-scala-1/scala-asm-9.3.0-scala-1.jar
2023.11.06 15:28:04 INFO  BSP server: Downloading https://repo1.maven.org/maven2/org/scala-lang/tasty-core_3/3.2.0/tasty-core_3-3.2.0.jar
2023.11.06 15:28:04 INFO  BSP server: Downloaded https://repo1.maven.org/maven2/org/scala-lang/scala3-interfaces/3.2.0/scala3-interfaces-3.2.0.jar
2023.11.06 15:28:04 INFO  BSP server: Downloaded https://repo1.maven.org/maven2/org/scala-lang/tasty-core_3/3.2.0/tasty-core_3-3.2.0.jar
2023.11.06 15:28:05 INFO  no build target found for /home/marm/Documents/FormalVerification/cs550-main/labs/lab1/Sublist.scala. Using presentation compiler with project's scala-library version: 3.3.1
2023.11.06 15:28:05 INFO  BSP server: Downloaded https://repo1.maven.org/maven2/org/scala-lang/modules/scala-asm/9.3.0-scala-1/scala-asm-9.3.0-scala-1.jar
2023.11.06 15:28:05 INFO  BSP server: Downloaded https://repo1.maven.org/maven2/org/scala-lang/scala3-library_3/3.2.0/scala3-library_3-3.2.0.jar
2023.11.06 15:28:07 INFO  BSP server: Downloaded https://repo1.maven.org/maven2/org/scala-lang/scala-library/2.13.8/scala-library-2.13.8.jar
2023.11.06 15:28:11 INFO  BSP server: Downloaded https://repo1.maven.org/maven2/org/scala-lang/scala3-compiler_3/3.2.0/scala3-compiler_3-3.2.0.jar
2023.11.06 15:28:11 INFO  BSP server: Downloading https://repo1.maven.org/maven2/org/scala-lang/scala3-library_3/3.2.0/scala3-library_3-3.2.0-sources.jar
2023.11.06 15:28:11 INFO  BSP server: Downloading https://repo1.maven.org/maven2/org/scala-lang/scala-library/2.13.8/scala-library-2.13.8-sources.jar
2023.11.06 15:28:11 INFO  BSP server: Downloaded https://repo1.maven.org/maven2/org/scala-lang/scala3-library_3/3.2.0/scala3-library_3-3.2.0-sources.jar
2023.11.06 15:28:11 INFO  BSP server: Downloaded https://repo1.maven.org/maven2/org/scala-lang/scala-library/2.13.8/scala-library-2.13.8-sources.jar
2023.11.06 15:28:12 INFO  time: Connected to build server in 8.49s
2023.11.06 15:28:12 INFO  Connected to Build server: scala-cli v1.0.4
2023.11.06 15:28:12 INFO  compiling lab1_bd2c96d2de (1 scala source)
2023.11.06 15:28:15 WARN  Could not find java sources in /usr/lib/jvm/src.zip, /usr/lib/jvm/lib/src.zip, /usr/lib/jvm/java-17-openjdk-amd64/src.zip, /usr/lib/jvm/java-17-openjdk-amd64/lib/src.zip, /usr/lib/jvm/src.zip, /usr/lib/jvm/lib/src.zip, /usr/lib/jvm/java-17-openjdk-amd64/src.zip, /usr/lib/jvm/java-17-openjdk-amd64/lib/src.zip. Java symbols will not be available.
2023.11.06 15:28:15 WARN  Could not find java sources in /usr/lib/jvm/src.zip, /usr/lib/jvm/lib/src.zip, /usr/lib/jvm/java-17-openjdk-amd64/src.zip, /usr/lib/jvm/java-17-openjdk-amd64/lib/src.zip, /usr/lib/jvm/src.zip, /usr/lib/jvm/lib/src.zip, /usr/lib/jvm/java-17-openjdk-amd64/src.zip, /usr/lib/jvm/java-17-openjdk-amd64/lib/src.zip. Java symbols will not be available.
2023.11.06 15:28:15 WARN  Could not find java sources in /usr/lib/jvm/src.zip, /usr/lib/jvm/lib/src.zip, /usr/lib/jvm/java-17-openjdk-amd64/src.zip, /usr/lib/jvm/java-17-openjdk-amd64/lib/src.zip, /usr/lib/jvm/src.zip, /usr/lib/jvm/lib/src.zip, /usr/lib/jvm/java-17-openjdk-amd64/src.zip, /usr/lib/jvm/java-17-openjdk-amd64/lib/src.zip. Java symbols will not be available.
2023.11.06 15:28:15 INFO  time: indexed workspace in 4.04s
2023.11.06 15:28:18 INFO  time: compiled lab1_bd2c96d2de in 5.74s
2023.11.06 16:21:51 INFO  compiling lab1_bd2c96d2de (1 scala source)
2023.11.06 16:21:53 INFO  time: compiled lab1_bd2c96d2de in 1.13s
2023.11.06 16:22:27 INFO  compiling lab1_bd2c96d2de (1 scala source)
2023.11.06 16:22:27 INFO  time: compiled lab1_bd2c96d2de in 0.82s
2023.11.06 16:54:46 INFO  compiling lab1_bd2c96d2de (1 scala source)
2023.11.06 16:54:47 INFO  time: compiled lab1_bd2c96d2de in 1.16s
2023.11.06 17:58:27 INFO  Started: Metals version 1.1.0 in folders '/home/marm/Documents/FormalVerification/drill' for client Visual Studio Code 1.84.0.
2023.11.06 17:58:28 WARN  No build session currently active to reload.
2023.11.06 17:58:28 INFO  Attempting to connect to the build server...
2023.11.06 17:58:28 INFO  Running BSP server List(/home/marm/.cache/scalacli/local-repo/bin/scala-cli/scala-cli, bsp, --json-options, /home/marm/Documents/FormalVerification/cs550-main/labs/lab1/.scala-build/ide-options-v2.json, /home/marm/Documents/FormalVerification/cs550-main/labs/lab1)
2023.11.06 17:58:28 INFO  tracing is disabled for protocol BSP, to enable tracing of incoming and outgoing JSON messages create an empty file at /home/marm/Documents/FormalVerification/drill/.metals/bsp.trace.json or /home/marm/.cache/metals/bsp.trace.json
2023.11.06 17:58:29 INFO  time: Connected to build server in 1.3s
2023.11.06 17:58:29 INFO  Connected to Build server: scala-cli v1.0.4
2023.11.06 17:58:32 INFO  no build target found for /home/marm/Documents/FormalVerification/drill/Sublist.scala. Using presentation compiler with project's scala-library version: 3.3.1
Nov 06, 2023 5:58:33 PM org.eclipse.lsp4j.jsonrpc.RemoteEndpoint handleCancellation
WARNING: Unmatched cancel notification for request id 3
Nov 06, 2023 5:58:34 PM org.eclipse.lsp4j.jsonrpc.RemoteEndpoint handleCancellation
WARNING: Unmatched cancel notification for request id 6
2023.11.06 17:58:36 INFO  no build target found for /home/marm/Documents/FormalVerification/drill/Sublist.scala. Using presentation compiler with project's scala-library version: 3.3.1
2023.11.06 17:58:36 WARN  Could not find java sources in /usr/lib/jvm/src.zip, /usr/lib/jvm/lib/src.zip, /usr/lib/jvm/java-17-openjdk-amd64/src.zip, /usr/lib/jvm/java-17-openjdk-amd64/lib/src.zip, /usr/lib/jvm/src.zip, /usr/lib/jvm/lib/src.zip, /usr/lib/jvm/java-17-openjdk-amd64/src.zip, /usr/lib/jvm/java-17-openjdk-amd64/lib/src.zip. Java symbols will not be available.
2023.11.06 17:58:36 WARN  Could not find java sources in /usr/lib/jvm/src.zip, /usr/lib/jvm/lib/src.zip, /usr/lib/jvm/java-17-openjdk-amd64/src.zip, /usr/lib/jvm/java-17-openjdk-amd64/lib/src.zip, /usr/lib/jvm/src.zip, /usr/lib/jvm/lib/src.zip, /usr/lib/jvm/java-17-openjdk-amd64/src.zip, /usr/lib/jvm/java-17-openjdk-amd64/lib/src.zip. Java symbols will not be available.
2023.11.06 17:58:36 WARN  Could not find java sources in /usr/lib/jvm/src.zip, /usr/lib/jvm/lib/src.zip, /usr/lib/jvm/java-17-openjdk-amd64/src.zip, /usr/lib/jvm/java-17-openjdk-amd64/lib/src.zip, /usr/lib/jvm/src.zip, /usr/lib/jvm/lib/src.zip, /usr/lib/jvm/java-17-openjdk-amd64/src.zip, /usr/lib/jvm/java-17-openjdk-amd64/lib/src.zip. Java symbols will not be available.
2023.11.06 17:58:36 INFO  time: indexed workspace in 3.7s
2023.11.06 17:58:37 WARN  no build target for: /home/marm/Documents/FormalVerification/drill/Sublist.scala
2023.11.06 17:58:37 INFO  no build target found for /home/marm/Documents/FormalVerification/drill/Sublist.scala. Using presentation compiler with project's scala-library version: 3.2.0
2023.11.06 17:58:40 INFO  time: code lens generation in 2.66s
2023.11.06 17:58:40 INFO  time: code lens generation in 2.67s
Nov 06, 2023 6:02:40 PM org.eclipse.lsp4j.jsonrpc.RemoteEndpoint handleCancellation
WARNING: Unmatched cancel notification for request id 474
Nov 06, 2023 6:02:45 PM org.eclipse.lsp4j.jsonrpc.RemoteEndpoint handleCancellation
WARNING: Unmatched cancel notification for request id 503
Nov 06, 2023 6:02:45 PM org.eclipse.lsp4j.jsonrpc.RemoteEndpoint handleCancellation
WARNING: Unmatched cancel notification for request id 505
Nov 06, 2023 6:02:45 PM org.eclipse.lsp4j.jsonrpc.RemoteEndpoint handleCancellation
WARNING: Unmatched cancel notification for request id 507
Nov 06, 2023 6:02:45 PM org.eclipse.lsp4j.jsonrpc.RemoteEndpoint handleCancellation
WARNING: Unmatched cancel notification for request id 509
Nov 06, 2023 6:02:45 PM org.eclipse.lsp4j.jsonrpc.RemoteEndpoint handleCancellation
WARNING: Unmatched cancel notification for request id 510
Nov 06, 2023 6:02:45 PM org.eclipse.lsp4j.jsonrpc.RemoteEndpoint handleCancellation
WARNING: Unmatched cancel notification for request id 513
Nov 06, 2023 6:02:45 PM org.eclipse.lsp4j.jsonrpc.RemoteEndpoint handleCancellation
WARNING: Unmatched cancel notification for request id 514
Nov 06, 2023 6:04:12 PM org.eclipse.lsp4j.jsonrpc.RemoteEndpoint handleCancellation
WARNING: Unmatched cancel notification for request id 712
Nov 06, 2023 4:42:50 PM org.eclipse.lsp4j.jsonrpc.RemoteEndpoint handleCancellation
WARNING: Unmatched cancel notification for request id 1536
Nov 06, 2023 4:42:50 PM org.eclipse.lsp4j.jsonrpc.RemoteEndpoint handleCancellation
WARNING: Unmatched cancel notification for request id 1538
Nov 06, 2023 4:46:20 PM org.eclipse.lsp4j.jsonrpc.RemoteEndpoint handleCancellation
WARNING: Unmatched cancel notification for request id 1809
2023.11.06 16:46:36 WARN  Using indexes to guess the definition of BigInt
Nov 06, 2023 4:46:43 PM org.eclipse.lsp4j.jsonrpc.RemoteEndpoint handleCancellation
WARNING: Unmatched cancel notification for request id 1880
2023.11.06 16:47:33 WARN  no build target for: /home/marm/Documents/FormalVerification/drill/Sublist.scala
Nov 06, 2023 4:49:38 PM org.eclipse.lsp4j.jsonrpc.RemoteEndpoint handleCancellation
WARNING: Unmatched cancel notification for request id 2067
Nov 06, 2023 4:51:45 PM org.eclipse.lsp4j.jsonrpc.RemoteEndpoint handleCancellation
WARNING: Unmatched cancel notification for request id 2308
2023.11.06 16:51:55 WARN  no build target for: /home/marm/Documents/FormalVerification/drill/Sublist.scala
Nov 06, 2023 4:52:20 PM org.eclipse.lsp4j.jsonrpc.RemoteEndpoint handleCancellation
WARNING: Unmatched cancel notification for request id 2344
2023.11.06 16:58:57 WARN  no build target for: /home/marm/Documents/FormalVerification/drill/Sublist.scala
Nov 06, 2023 4:59:37 PM org.eclipse.lsp4j.jsonrpc.RemoteEndpoint handleCancellation
WARNING: Unmatched cancel notification for request id 3249
2023.11.06 16:59:48 WARN  no build target for: /home/marm/Documents/FormalVerification/drill/Sublist.scala
2023.11.07 07:56:30 INFO  Started: Metals version 1.1.0 in folders '/home/marm/Documents/FormalVerification/drill' for client Visual Studio Code 1.84.0.
2023.11.07 07:56:37 INFO  Attempting to connect to the build server...
2023.11.07 07:56:37 WARN  No build session currently active to reload.
2023.11.07 07:56:37 INFO  Running BSP server List(/home/marm/.cache/scalacli/local-repo/bin/scala-cli/scala-cli, bsp, --json-options, /home/marm/Documents/FormalVerification/cs550-main/labs/lab1/.scala-build/ide-options-v2.json, /home/marm/Documents/FormalVerification/cs550-main/labs/lab1)
2023.11.07 07:56:37 INFO  tracing is disabled for protocol BSP, to enable tracing of incoming and outgoing JSON messages create an empty file at /home/marm/Documents/FormalVerification/drill/.metals/bsp.trace.json or /home/marm/.cache/metals/bsp.trace.json
2023.11.07 07:56:38 INFO  BSP server: Starting compilation server
2023.11.07 07:56:49 INFO  no build target found for /home/marm/Documents/FormalVerification/drill/Sublist.scala. Using presentation compiler with project's scala-library version: 3.3.1
2023.11.07 07:57:13 INFO  BSP server: Error: java.util.concurrent.TimeoutException: Future timed out after [30 seconds]
2023.11.07 07:57:13 INFO  BSP server: For more details, please see '/home/marm/Documents/FormalVerification/cs550-main/labs/lab1/.scala-build/stacktraces/1699340233-4714336101695101454.log'
2023.11.07 07:57:37 ERROR Timeout waiting for 'build/initialize' response
2023.11.07 07:57:37 WARN  Retrying connection to the build server scala-cli
2023.11.07 07:57:37 INFO  Running BSP server List(/home/marm/.cache/scalacli/local-repo/bin/scala-cli/scala-cli, bsp, --json-options, /home/marm/Documents/FormalVerification/cs550-main/labs/lab1/.scala-build/ide-options-v2.json, /home/marm/Documents/FormalVerification/cs550-main/labs/lab1)
2023.11.07 07:57:37 INFO  tracing is disabled for protocol BSP, to enable tracing of incoming and outgoing JSON messages create an empty file at /home/marm/Documents/FormalVerification/drill/.metals/bsp.trace.json or /home/marm/.cache/metals/bsp.trace.json
2023.11.07 07:57:39 INFO  time: Connected to build server in 1m1s
2023.11.07 07:57:39 INFO  Connected to Build server: scala-cli v1.0.4
2023.11.07 07:57:39 INFO  time: Imported build in 0.22s
2023.11.07 07:57:42 WARN  Could not find java sources in /usr/lib/jvm/src.zip, /usr/lib/jvm/lib/src.zip, /usr/lib/jvm/java-17-openjdk-amd64/src.zip, /usr/lib/jvm/java-17-openjdk-amd64/lib/src.zip, /usr/lib/jvm/src.zip, /usr/lib/jvm/lib/src.zip, /usr/lib/jvm/java-17-openjdk-amd64/src.zip, /usr/lib/jvm/java-17-openjdk-amd64/lib/src.zip. Java symbols will not be available.
2023.11.07 07:57:42 WARN  Could not find java sources in /usr/lib/jvm/src.zip, /usr/lib/jvm/lib/src.zip, /usr/lib/jvm/java-17-openjdk-amd64/src.zip, /usr/lib/jvm/java-17-openjdk-amd64/lib/src.zip, /usr/lib/jvm/src.zip, /usr/lib/jvm/lib/src.zip, /usr/lib/jvm/java-17-openjdk-amd64/src.zip, /usr/lib/jvm/java-17-openjdk-amd64/lib/src.zip. Java symbols will not be available.
2023.11.07 07:57:42 WARN  Could not find java sources in /usr/lib/jvm/src.zip, /usr/lib/jvm/lib/src.zip, /usr/lib/jvm/java-17-openjdk-amd64/src.zip, /usr/lib/jvm/java-17-openjdk-amd64/lib/src.zip, /usr/lib/jvm/src.zip, /usr/lib/jvm/lib/src.zip, /usr/lib/jvm/java-17-openjdk-amd64/src.zip, /usr/lib/jvm/java-17-openjdk-amd64/lib/src.zip. Java symbols will not be available.
2023.11.07 07:57:42 INFO  time: indexed workspace in 3.47s
2023.11.07 07:57:43 WARN  no build target for: /home/marm/Documents/FormalVerification/drill/Sublist.scala
2023.11.07 07:59:08 INFO  Shutting down server
2023.11.07 07:59:08 INFO  shutting down Metals
2023.11.07 07:59:08 INFO  Shut down connection with build server.
2023.11.07 07:59:08 INFO  Exiting server
2023.11.07 07:59:48 INFO  Started: Metals version 1.1.0 in folders '/home/marm/Documents/FormalVerification/drill' for client Visual Studio Code 1.84.0.
2023.11.07 07:59:49 INFO  Attempting to connect to the build server...
2023.11.07 07:59:49 WARN  No build session currently active to reload.
2023.11.07 07:59:49 INFO  Running BSP server List(/home/marm/.cache/scalacli/local-repo/bin/scala-cli/scala-cli, bsp, --json-options, /home/marm/Documents/FormalVerification/cs550-main/labs/lab1/.scala-build/ide-options-v2.json, /home/marm/Documents/FormalVerification/cs550-main/labs/lab1)
2023.11.07 07:59:49 INFO  tracing is disabled for protocol BSP, to enable tracing of incoming and outgoing JSON messages create an empty file at /home/marm/Documents/FormalVerification/drill/.metals/bsp.trace.json or /home/marm/.cache/metals/bsp.trace.json
2023.11.07 07:59:49 INFO  time: Connected to build server in 1.06s
2023.11.07 07:59:49 INFO  Connected to Build server: scala-cli v1.0.4
2023.11.07 07:59:53 INFO  no build target found for /home/marm/Documents/FormalVerification/drill/Sublist.scala. Using presentation compiler with project's scala-library version: 3.3.1
2023.11.07 07:59:55 WARN  Could not find java sources in /usr/lib/jvm/src.zip, /usr/lib/jvm/lib/src.zip, /usr/lib/jvm/java-17-openjdk-amd64/src.zip, /usr/lib/jvm/java-17-openjdk-amd64/lib/src.zip, /usr/lib/jvm/src.zip, /usr/lib/jvm/lib/src.zip, /usr/lib/jvm/java-17-openjdk-amd64/src.zip, /usr/lib/jvm/java-17-openjdk-amd64/lib/src.zip. Java symbols will not be available.
2023.11.07 07:59:55 WARN  Could not find java sources in /usr/lib/jvm/src.zip, /usr/lib/jvm/lib/src.zip, /usr/lib/jvm/java-17-openjdk-amd64/src.zip, /usr/lib/jvm/java-17-openjdk-amd64/lib/src.zip, /usr/lib/jvm/src.zip, /usr/lib/jvm/lib/src.zip, /usr/lib/jvm/java-17-openjdk-amd64/src.zip, /usr/lib/jvm/java-17-openjdk-amd64/lib/src.zip. Java symbols will not be available.
2023.11.07 07:59:55 WARN  Could not find java sources in /usr/lib/jvm/src.zip, /usr/lib/jvm/lib/src.zip, /usr/lib/jvm/java-17-openjdk-amd64/src.zip, /usr/lib/jvm/java-17-openjdk-amd64/lib/src.zip, /usr/lib/jvm/src.zip, /usr/lib/jvm/lib/src.zip, /usr/lib/jvm/java-17-openjdk-amd64/src.zip, /usr/lib/jvm/java-17-openjdk-amd64/lib/src.zip. Java symbols will not be available.
2023.11.07 07:59:55 INFO  time: indexed workspace in 1.75s
2023.11.07 07:59:55 WARN  no build target for: /home/marm/Documents/FormalVerification/drill/Sublist.scala
2023.11.07 07:59:58 INFO  time: code lens generation in 2.91s
2023.11.07 07:59:58 INFO  time: code lens generation in 3.33s
2023.11.07 08:02:50 WARN  no build target for: /home/marm/Documents/FormalVerification/drill/Sublist.scala
Nov 07, 2023 8:03:19 AM org.eclipse.lsp4j.jsonrpc.RemoteEndpoint handleCancellation
WARNING: Unmatched cancel notification for request id 90
Nov 07, 2023 8:03:31 AM org.eclipse.lsp4j.jsonrpc.RemoteEndpoint handleCancellation
WARNING: Unmatched cancel notification for request id 155
Nov 07, 2023 8:04:51 AM org.eclipse.lsp4j.jsonrpc.RemoteEndpoint handleCancellation
WARNING: Unmatched cancel notification for request id 531
2023.11.07 08:05:09 WARN  no build target for: /home/marm/Documents/FormalVerification/drill/Sublist.scala
2023.11.07 08:18:57 WARN  no build target for: /home/marm/Documents/FormalVerification/drill/Sublist.scala
2023.11.07 08:44:30 WARN  no build target for: /home/marm/Documents/FormalVerification/drill/Sublist.scala
2023.11.07 08:44:45 WARN  no build target for: /home/marm/Documents/FormalVerification/drill/Sublist.scala
2023.11.07 08:44:45 WARN  no build target for: /home/marm/Documents/FormalVerification/drill/Sublist.scala
2023.11.07 08:45:21 WARN  no build target for: /home/marm/Documents/FormalVerification/drill/Sublist.scala
2023.11.07 08:48:15 WARN  no build target for: /home/marm/Documents/FormalVerification/drill/Sublist.scala
2023.11.07 08:48:22 WARN  no build target for: /home/marm/Documents/FormalVerification/drill/Sublist.scala
2023.11.07 08:48:46 WARN  Using indexes to guess the definition of targetHeight
2023.11.07 08:48:46 WARN  no build target for: /home/marm/Documents/FormalVerification/drill/Sublist.scala
2023.11.07 08:48:46 WARN  no build target for: /home/marm/Documents/FormalVerification/drill/Sublist.scala
2023.11.07 08:48:50 WARN  Using indexes to guess the definition of BigInt
2023.11.07 08:49:22 ERROR Failed to tokenize input for semantic tokens for /home/marm/Documents/FormalVerification/drill/Sublist.scala
scala.meta.tokenizers.TokenizeException: <input>:57: error: malformed xml literal, expected:
Expected ([\t\n\r ] | "/>" | ">"):57:56, found ") s.currDe"
    if(s.currDeployment - downSpeed <s.targetDeploymnet) s.currDeployment - downSpeed
                                                       ^
	at scala.meta.internal.tokenizers.Reporter.syntaxError(Reporter.scala:23)
	at scala.meta.internal.tokenizers.Reporter.syntaxError$(Reporter.scala:23)
	at scala.meta.internal.tokenizers.Reporter$$anon$1.syntaxError(Reporter.scala:33)
	at scala.meta.internal.tokenizers.Reporter.syntaxError(Reporter.scala:25)
	at scala.meta.internal.tokenizers.Reporter.syntaxError$(Reporter.scala:25)
	at scala.meta.internal.tokenizers.Reporter$$anon$1.syntaxError(Reporter.scala:33)
	at scala.meta.internal.tokenizers.LegacyScanner.getXml(LegacyScanner.scala:937)
	at scala.meta.internal.tokenizers.LegacyScanner.fetchLT$1(LegacyScanner.scala:295)
	at scala.meta.internal.tokenizers.LegacyScanner.fetchToken(LegacyScanner.scala:303)
	at scala.meta.internal.tokenizers.LegacyScanner.nextToken(LegacyScanner.scala:211)
	at scala.meta.internal.tokenizers.LegacyScanner.foreach(LegacyScanner.scala:1011)
	at scala.meta.internal.tokenizers.ScalametaTokenizer.uncachedTokenize(ScalametaTokenizer.scala:24)
	at scala.meta.internal.tokenizers.ScalametaTokenizer.$anonfun$tokenize$1(ScalametaTokenizer.scala:17)
	at scala.collection.concurrent.TrieMap.getOrElseUpdate(TrieMap.scala:962)
	at scala.meta.internal.tokenizers.ScalametaTokenizer.tokenize(ScalametaTokenizer.scala:17)
	at scala.meta.internal.tokenizers.ScalametaTokenizer$$anon$2.apply(ScalametaTokenizer.scala:332)
	at scala.meta.tokenizers.Api$XtensionTokenizeDialectInput.tokenize(Api.scala:25)
	at scala.meta.tokenizers.Api$XtensionTokenizeInputLike.tokenize(Api.scala:14)
	at scala.meta.internal.metals.SemanticTokensProvider$.getTokens(SemanticTokensProvider.scala:28)
	at scala.meta.internal.metals.SemanticTokensProvider$.provide(SemanticTokensProvider.scala:89)
	at scala.meta.internal.metals.Compilers.$anonfun$semanticTokens$3(Compilers.scala:539)
	at scala.concurrent.impl.Promise$Transformation.run(Promise.scala:467)
	at java.util.concurrent.ThreadPoolExecutor.runWorker(ThreadPoolExecutor.java:1136)
	at java.util.concurrent.ThreadPoolExecutor$Worker.run(ThreadPoolExecutor.java:635)
	at java.lang.Thread.run(Thread.java:833)

2023.11.07 08:49:50 WARN  Using indexes to guess the definition of retractSpeed
2023.11.07 08:49:55 WARN  Using indexes to guess the definition of drillSpeed
2023.11.07 08:49:55 WARN  Using indexes to guess the definition of targetDeploymnet
2023.11.07 08:49:59 WARN  no build target for: /home/marm/Documents/FormalVerification/drill/Sublist.scala
2023.11.07 08:51:50 WARN  no build target for: /home/marm/Documents/FormalVerification/drill/Sublist.scala
2023.11.07 09:03:08 WARN  no build target for: /home/marm/Documents/FormalVerification/drill/Sublist.scala
2023.11.07 09:04:03 WARN  no build target for: /home/marm/Documents/FormalVerification/drill/Sublist.scala
2023.11.07 09:04:03 WARN  Using indexes to guess the definition of currHeight
2023.11.07 09:04:05 WARN  no build target for: /home/marm/Documents/FormalVerification/drill/Sublist.scala
Nov 07, 2023 9:04:05 AM org.eclipse.lsp4j.jsonrpc.RemoteEndpoint handleCancellation
WARNING: Unmatched cancel notification for request id 2744
2023.11.07 09:04:05 WARN  no build target for: /home/marm/Documents/FormalVerification/drill/Sublist.scala
2023.11.07 09:04:05 WARN  no build target for: /home/marm/Documents/FormalVerification/drill/Sublist.scala
2023.11.07 09:04:05 WARN  Using indexes to guess the definition of currHeight
2023.11.07 09:04:48 WARN  no build target for: /home/marm/Documents/FormalVerification/drill/Sublist.scala
2023.11.07 09:04:56 WARN  no build target for: /home/marm/Documents/FormalVerification/drill/Sublist.scala
2023.11.07 09:11:31 WARN  no build target for: /home/marm/Documents/FormalVerification/drill/Sublist.scala
2023.11.07 09:11:44 WARN  no build target for: /home/marm/Documents/FormalVerification/drill/Sublist.scala
2023.11.07 09:12:06 WARN  no build target for: /home/marm/Documents/FormalVerification/drill/Sublist.scala
Nov 07, 2023 9:20:47 AM org.eclipse.lsp4j.jsonrpc.RemoteEndpoint handleCancellation
WARNING: Unmatched cancel notification for request id 3204
Nov 07, 2023 9:34:18 AM org.eclipse.lsp4j.jsonrpc.RemoteEndpoint handleCancellation
WARNING: Unmatched cancel notification for request id 3211
Nov 07, 2023 9:35:58 AM org.eclipse.lsp4j.jsonrpc.RemoteEndpoint handleCancellation
WARNING: Unmatched cancel notification for request id 3393
2023.11.07 09:36:14 WARN  no build target for: /home/marm/Documents/FormalVerification/drill/Sublist.scala
2023.11.07 09:37:17 WARN  no build target for: /home/marm/Documents/FormalVerification/drill/Sublist.scala
2023.11.07 09:41:07 WARN  no build target for: /home/marm/Documents/FormalVerification/drill/Sublist.scala
2023.11.07 09:42:00 WARN  no build target for: /home/marm/Documents/FormalVerification/drill/Sublist.scala
Nov 07, 2023 9:42:38 AM org.eclipse.lsp4j.jsonrpc.RemoteEndpoint handleCancellation
WARNING: Unmatched cancel notification for request id 3572
Nov 07, 2023 9:43:00 AM org.eclipse.lsp4j.jsonrpc.RemoteEndpoint handleCancellation
WARNING: Unmatched cancel notification for request id 3652
2023.11.07 09:43:17 WARN  Using indexes to guess the definition of currState
2023.11.07 09:43:17 WARN  no build target for: /home/marm/Documents/FormalVerification/drill/Sublist.scala
2023.11.07 09:43:17 WARN  Using indexes to guess the definition of motor_active
2023.11.07 09:44:12 WARN  no build target for: /home/marm/Documents/FormalVerification/drill/Sublist.scala
2023.11.07 09:45:34 WARN  no build target for: /home/marm/Documents/FormalVerification/drill/Sublist.scala
2023.11.07 09:46:53 WARN  no build target for: /home/marm/Documents/FormalVerification/drill/Sublist.scala
2023.11.07 09:50:52 WARN  no build target for: /home/marm/Documents/FormalVerification/drill/Sublist.scala
2023.11.07 10:09:50 WARN  no build target for: /home/marm/Documents/FormalVerification/drill/Drill.scala
2023.11.07 10:10:07 WARN  no build target for: /home/marm/Documents/FormalVerification/drill/Drill.scala
2023.11.07 10:11:15 WARN  no build target for: /home/marm/Documents/FormalVerification/drill/Drill.scala
2023.11.07 10:29:26 WARN  no build target for: /home/marm/Documents/FormalVerification/drill/Drill.scala
2023.11.07 11:34:30 WARN  Using indexes to guess the definition of BigInt
2023.11.07 11:34:31 WARN  Using indexes to guess the definition of BigInt
2023.11.07 11:34:31 WARN  Using indexes to guess the definition of BigInt
2023.11.07 11:34:31 WARN  Using indexes to guess the definition of BigInt
2023.11.07 11:34:32 WARN  Using indexes to guess the definition of BigInt
2023.11.07 11:34:34 WARN  Using indexes to guess the definition of BigInt
2023.11.07 11:34:34 WARN  Using indexes to guess the definition of BigInt
2023.11.07 11:35:12 WARN  Using indexes to guess the definition of BigInt
Exception in thread "pool-4-thread-1" java.lang.InterruptedException
	at scala.meta.internal.metals.FutureCancelToken.checkCanceled(FutureCancelToken.scala:29)
	at scala.meta.internal.pc.CompilerAccess.onCompilerJobQueue$$anonfun$1(CompilerAccess.scala:230)
	at scala.meta.internal.pc.CompilerJobQueue$Job.run(CompilerJobQueue.scala:152)
	at java.base/java.util.concurrent.ThreadPoolExecutor.runWorker(ThreadPoolExecutor.java:1136)
	at java.base/java.util.concurrent.ThreadPoolExecutor$Worker.run(ThreadPoolExecutor.java:635)
	at java.base/java.lang.Thread.run(Thread.java:833)
2023.11.07 11:35:12 WARN  Using indexes to guess the definition of BigInt
2023.11.07 11:35:13 WARN  Using indexes to guess the definition of BigInt
2023.11.07 11:36:10 WARN  no build target for: /home/marm/Documents/FormalVerification/drill/Drill.scala
Nov 07, 2023 11:36:39 AM org.eclipse.lsp4j.jsonrpc.RemoteEndpoint handleCancellation
WARNING: Unmatched cancel notification for request id 4665
2023.11.07 11:37:10 WARN  no build target for: /home/marm/Documents/FormalVerification/drill/Drill.scala
2023.11.07 11:37:32 WARN  Using indexes to guess the definition of currDeployment
2023.11.07 11:37:40 WARN  no build target for: /home/marm/Documents/FormalVerification/drill/Drill.scala
2023.11.07 11:38:20 WARN  no build target for: /home/marm/Documents/FormalVerification/drill/Drill.scala
2023.11.07 11:38:40 WARN  no build target for: /home/marm/Documents/FormalVerification/drill/Drill.scala
Nov 07, 2023 11:40:39 AM org.eclipse.lsp4j.jsonrpc.RemoteEndpoint handleCancellation
WARNING: Unmatched cancel notification for request id 4799
Nov 07, 2023 11:43:28 AM org.eclipse.lsp4j.jsonrpc.RemoteEndpoint handleCancellation
WARNING: Unmatched cancel notification for request id 4907
2023.11.07 11:43:31 WARN  no build target for: /home/marm/Documents/FormalVerification/drill/Drill.scala
Nov 07, 2023 1:35:19 PM org.eclipse.lsp4j.jsonrpc.RemoteEndpoint handleCancellation
WARNING: Unmatched cancel notification for request id 4941
2023.11.07 13:38:46 ERROR Build server error: Fatal error has occured within bloop bsp server, method: buildTargetInverseSources, with params: InverseSourcesParams [
  textDocument = TextDocumentIdentifier [
    uri = "file:///home/marm/Documents/FormalVerification/drill/Drill.scala"
  ]
]. Shutting down the server:
 org.eclipse.lsp4j.jsonrpc.JsonRpcException: java.io.IOException: Broken pipe
	at org.eclipse.lsp4j.jsonrpc.json.StreamMessageConsumer.consume(StreamMessageConsumer.java:72)
	at org.eclipse.lsp4j.jsonrpc.RemoteEndpoint.request(RemoteEndpoint.java:161)
	at org.eclipse.lsp4j.jsonrpc.services.EndpointProxy.invoke(EndpointProxy.java:91)
	at jdk.proxy4/jdk.proxy4.$Proxy47.buildTargetInverseSources(Unknown Source)
	at scala.build.bsp.BuildServerForwardStubs.buildTargetInverseSources(BuildServerForwardStubs.scala:52)
	at scala.build.bsp.BuildServerForwardStubs.buildTargetInverseSources$(BuildServerForwardStubs.scala:9)
	at scala.build.bsp.BspServer.buildTargetInverseSources(BspServer.scala:18)
	at scala.build.bsp.BuildServerProxy.buildTargetInverseSources(BuildServerProxy.scala:38)
	at java.base@17.0.6/java.lang.reflect.Method.invoke(Method.java:568)
	at org.eclipse.lsp4j.jsonrpc.services.GenericEndpoint.lambda$null$0(GenericEndpoint.java:65)
	at org.eclipse.lsp4j.jsonrpc.services.GenericEndpoint.request(GenericEndpoint.java:120)
	at org.eclipse.lsp4j.jsonrpc.RemoteEndpoint.handleRequest(RemoteEndpoint.java:261)
	at org.eclipse.lsp4j.jsonrpc.RemoteEndpoint.consume(RemoteEndpoint.java:190)
	at org.eclipse.lsp4j.jsonrpc.json.StreamMessageProducer.handleMessage(StreamMessageProducer.java:194)
	at org.eclipse.lsp4j.jsonrpc.json.StreamMessageProducer.listen(StreamMessageProducer.java:94)
	at org.eclipse.lsp4j.jsonrpc.json.ConcurrentMessageProcessor.run(ConcurrentMessageProcessor.java:113)
	at java.base@17.0.6/java.util.concurrent.Executors$RunnableAdapter.call(Executors.java:539)
	at java.base@17.0.6/java.util.concurrent.FutureTask.run(FutureTask.java:264)
	at java.base@17.0.6/java.util.concurrent.ThreadPoolExecutor.runWorker(ThreadPoolExecutor.java:1136)
	at java.base@17.0.6/java.util.concurrent.ThreadPoolExecutor$Worker.run(ThreadPoolExecutor.java:635)
	at java.base@17.0.6/java.lang.Thread.run(Thread.java:833)
	at com.oracle.svm.core.thread.PlatformThreads.threadStartRoutine(PlatformThreads.java:775)
	at com.oracle.svm.core.posix.thread.PosixPlatformThreads.pthreadStartRoutine(PosixPlatformThreads.java:203)
Caused by: java.io.IOException: Broken pipe
	at java.base@17.0.6/sun.nio.ch.FileDispatcherImpl.write0(FileDispatcherImpl.java)
	at java.base@17.0.6/sun.nio.ch.SocketDispatcher.write(SocketDispatcher.java:62)
	at java.base@17.0.6/sun.nio.ch.IOUtil.writeFromNativeBuffer(IOUtil.java:132)
	at java.base@17.0.6/sun.nio.ch.IOUtil.write(IOUtil.java:97)
	at java.base@17.0.6/sun.nio.ch.IOUtil.write(IOUtil.java:53)
	at java.base@17.0.6/sun.nio.ch.SocketChannelImpl.write(SocketChannelImpl.java:532)
	at java.base@17.0.6/java.nio.channels.Channels.writeFullyImpl(Channels.java:74)
	at java.base@17.0.6/java.nio.channels.Channels.writeFully(Channels.java:93)
	at java.base@17.0.6/java.nio.channels.Channels$1.write(Channels.java:171)
	at java.base@17.0.6/java.io.OutputStream.write(OutputStream.java:127)
	at org.eclipse.lsp4j.jsonrpc.json.StreamMessageConsumer.consume(StreamMessageConsumer.java:67)
	... 22 more

2023.11.07 13:38:46 INFO  BSP server: Fatal error has occured within bloop bsp server, method: buildTargetInverseSources, with params: InverseSourcesParams [
2023.11.07 13:38:46 INFO  BSP server:   textDocument = TextDocumentIdentifier [
2023.11.07 13:38:46 INFO  BSP server:     uri = "file:///home/marm/Documents/FormalVerification/drill/Drill.scala"
2023.11.07 13:38:46 INFO  BSP server:   ]
2023.11.07 13:38:46 INFO  BSP server: ]. Shutting down the server:
2023.11.07 13:38:46 INFO  BSP server:  org.eclipse.lsp4j.jsonrpc.JsonRpcException: java.io.IOException: Broken pipe
2023.11.07 13:38:46 INFO  BSP server: 	at org.eclipse.lsp4j.jsonrpc.json.StreamMessageConsumer.consume(StreamMessageConsumer.java:72)
2023.11.07 13:38:46 INFO  BSP server: 	at org.eclipse.lsp4j.jsonrpc.RemoteEndpoint.request(RemoteEndpoint.java:161)
2023.11.07 13:38:46 INFO  BSP server: 	at org.eclipse.lsp4j.jsonrpc.services.EndpointProxy.invoke(EndpointProxy.java:91)
2023.11.07 13:38:46 INFO  BSP server: 	at jdk.proxy4/jdk.proxy4.$Proxy47.buildTargetInverseSources(Unknown Source)
2023.11.07 13:38:46 INFO  BSP server: 	at scala.build.bsp.BuildServerForwardStubs.buildTargetInverseSources(BuildServerForwardStubs.scala:52)
2023.11.07 13:38:46 INFO  BSP server: 	at scala.build.bsp.BuildServerForwardStubs.buildTargetInverseSources$(BuildServerForwardStubs.scala:9)
2023.11.07 13:38:46 INFO  BSP server: 	at scala.build.bsp.BspServer.buildTargetInverseSources(BspServer.scala:18)
2023.11.07 13:38:46 INFO  BSP server: 	at scala.build.bsp.BuildServerProxy.buildTargetInverseSources(BuildServerProxy.scala:38)
2023.11.07 13:38:46 INFO  BSP server: 	at java.base@17.0.6/java.lang.reflect.Method.invoke(Method.java:568)
2023.11.07 13:38:46 INFO  BSP server: 	at org.eclipse.lsp4j.jsonrpc.services.GenericEndpoint.lambda$null$0(GenericEndpoint.java:65)
2023.11.07 13:38:46 INFO  BSP server: 	at org.eclipse.lsp4j.jsonrpc.services.GenericEndpoint.request(GenericEndpoint.java:120)
2023.11.07 13:38:46 INFO  BSP server: 	at org.eclipse.lsp4j.jsonrpc.RemoteEndpoint.handleRequest(RemoteEndpoint.java:261)
2023.11.07 13:38:46 INFO  BSP server: 	at org.eclipse.lsp4j.jsonrpc.RemoteEndpoint.consume(RemoteEndpoint.java:190)
2023.11.07 13:38:46 INFO  BSP server: 	at org.eclipse.lsp4j.jsonrpc.json.StreamMessageProducer.handleMessage(StreamMessageProducer.java:194)
2023.11.07 13:38:46 INFO  BSP server: 	at org.eclipse.lsp4j.jsonrpc.json.StreamMessageProducer.listen(StreamMessageProducer.java:94)
2023.11.07 13:38:46 INFO  BSP server: 	at org.eclipse.lsp4j.jsonrpc.json.ConcurrentMessageProcessor.run(ConcurrentMessageProcessor.java:113)
2023.11.07 13:38:46 INFO  BSP server: 	at java.base@17.0.6/java.util.concurrent.Executors$RunnableAdapter.call(Executors.java:539)
2023.11.07 13:38:46 INFO  BSP server: 	at java.base@17.0.6/java.util.concurrent.FutureTask.run(FutureTask.java:264)
2023.11.07 13:38:46 INFO  BSP server: 	at java.base@17.0.6/java.util.concurrent.ThreadPoolExecutor.runWorker(ThreadPoolExecutor.java:1136)
2023.11.07 13:38:46 INFO  BSP server: 	at java.base@17.0.6/java.util.concurrent.ThreadPoolExecutor$Worker.run(ThreadPoolExecutor.java:635)
2023.11.07 13:38:46 INFO  BSP server: 	at java.base@17.0.6/java.lang.Thread.run(Thread.java:833)
2023.11.07 13:38:46 INFO  BSP server: 	at com.oracle.svm.core.thread.PlatformThreads.threadStartRoutine(PlatformThreads.java:775)
2023.11.07 13:38:46 INFO  BSP server: 	at com.oracle.svm.core.posix.thread.PosixPlatformThreads.pthreadStartRoutine(PosixPlatformThreads.java:203)
2023.11.07 13:38:46 INFO  BSP server: Caused by: java.io.IOException: Broken pipe
2023.11.07 13:38:46 INFO  BSP server: 	at java.base@17.0.6/sun.nio.ch.FileDispatcherImpl.write0(FileDispatcherImpl.java)
2023.11.07 13:38:46 INFO  BSP server: 	at java.base@17.0.6/sun.nio.ch.SocketDispatcher.write(SocketDispatcher.java:62)
2023.11.07 13:38:46 INFO  BSP server: 	at java.base@17.0.6/sun.nio.ch.IOUtil.writeFromNativeBuffer(IOUtil.java:132)
2023.11.07 13:38:46 INFO  BSP server: 	at java.base@17.0.6/sun.nio.ch.IOUtil.write(IOUtil.java:97)
2023.11.07 13:38:46 INFO  BSP server: 	at java.base@17.0.6/sun.nio.ch.IOUtil.write(IOUtil.java:53)
2023.11.07 13:38:46 INFO  BSP server: 	at java.base@17.0.6/sun.nio.ch.SocketChannelImpl.write(SocketChannelImpl.java:532)
2023.11.07 13:38:46 INFO  BSP server: 	at java.base@17.0.6/java.nio.channels.Channels.writeFullyImpl(Channels.java:74)
2023.11.07 13:38:46 INFO  BSP server: 	at java.base@17.0.6/java.nio.channels.Channels.writeFully(Channels.java:93)
2023.11.07 13:38:46 INFO  BSP server: 	at java.base@17.0.6/java.nio.channels.Channels$1.write(Channels.java:171)
2023.11.07 13:38:46 INFO  BSP server: 	at java.base@17.0.6/java.io.OutputStream.write(OutputStream.java:127)
2023.11.07 13:38:46 INFO  BSP server: 	at org.eclipse.lsp4j.jsonrpc.json.StreamMessageConsumer.consume(StreamMessageConsumer.java:67)
2023.11.07 13:38:46 INFO  BSP server: 	... 22 more
2023.11.07 13:38:46 INFO  BSP server: 
2023.11.07 13:38:46 INFO  Running BSP server List(/home/marm/.cache/scalacli/local-repo/bin/scala-cli/scala-cli, bsp, --json-options, /home/marm/Documents/FormalVerification/cs550-main/labs/lab1/.scala-build/ide-options-v2.json, /home/marm/Documents/FormalVerification/cs550-main/labs/lab1)
2023.11.07 13:38:46 INFO  tracing is disabled for protocol BSP, to enable tracing of incoming and outgoing JSON messages create an empty file at /home/marm/Documents/FormalVerification/drill/.metals/bsp.trace.json or /home/marm/.cache/metals/bsp.trace.json
2023.11.07 13:38:47 INFO  Connected to Build server: scala-cli v1.0.4
2023.11.07 13:38:48 WARN  Could not find java sources in /usr/lib/jvm/src.zip, /usr/lib/jvm/lib/src.zip, /usr/lib/jvm/java-17-openjdk-amd64/src.zip, /usr/lib/jvm/java-17-openjdk-amd64/lib/src.zip, /usr/lib/jvm/src.zip, /usr/lib/jvm/lib/src.zip, /usr/lib/jvm/java-17-openjdk-amd64/src.zip, /usr/lib/jvm/java-17-openjdk-amd64/lib/src.zip. Java symbols will not be available.
2023.11.07 13:38:48 WARN  Could not find java sources in /usr/lib/jvm/src.zip, /usr/lib/jvm/lib/src.zip, /usr/lib/jvm/java-17-openjdk-amd64/src.zip, /usr/lib/jvm/java-17-openjdk-amd64/lib/src.zip, /usr/lib/jvm/src.zip, /usr/lib/jvm/lib/src.zip, /usr/lib/jvm/java-17-openjdk-amd64/src.zip, /usr/lib/jvm/java-17-openjdk-amd64/lib/src.zip. Java symbols will not be available.
2023.11.07 13:38:48 WARN  Could not find java sources in /usr/lib/jvm/src.zip, /usr/lib/jvm/lib/src.zip, /usr/lib/jvm/java-17-openjdk-amd64/src.zip, /usr/lib/jvm/java-17-openjdk-amd64/lib/src.zip, /usr/lib/jvm/src.zip, /usr/lib/jvm/lib/src.zip, /usr/lib/jvm/java-17-openjdk-amd64/src.zip, /usr/lib/jvm/java-17-openjdk-amd64/lib/src.zip. Java symbols will not be available.
2023.11.07 13:38:48 INFO  time: indexed workspace in 1.16s
2023.11.07 13:38:48 WARN  no build target for: /home/marm/Documents/FormalVerification/drill/Drill.scala
2023.11.07 13:38:50 INFO  time: code lens generation in 1.36s
2023.11.07 13:40:24 WARN  no build target for: /home/marm/Documents/FormalVerification/drill/Drill.scala
2023.11.07 13:40:48 WARN  no build target for: /home/marm/Documents/FormalVerification/drill/Drill.scala
Nov 07, 2023 1:42:28 PM org.eclipse.lsp4j.jsonrpc.RemoteEndpoint handleCancellation
WARNING: Unmatched cancel notification for request id 5341
2023.11.07 13:42:36 WARN  Using indexes to guess the definition of drillLength
2023.11.07 13:42:36 WARN  no build target for: /home/marm/Documents/FormalVerification/drill/Drill.scala
Nov 07, 2023 1:52:56 PM org.eclipse.lsp4j.jsonrpc.RemoteEndpoint handleCancellation
WARNING: Unmatched cancel notification for request id 5471
2023.11.07 13:53:38 WARN  no build target for: /home/marm/Documents/FormalVerification/drill/Drill.scala
2023.11.07 14:37:32 WARN  no build target for: /home/marm/Documents/FormalVerification/drill/Drill.scala
2023.11.07 15:26:01 WARN  Using indexes to guess the definition of currDeployment
2023.11.07 15:26:01 WARN  Using indexes to guess the definition of currState
2023.11.07 15:47:02 WARN  Using indexes to guess the definition of currState
2023.11.07 15:47:02 WARN  Using indexes to guess the definition of currHeight
2023.11.07 15:47:05 WARN  Using indexes to guess the definition of currState
Nov 07, 2023 3:47:35 PM org.eclipse.lsp4j.jsonrpc.RemoteEndpoint handleCancellation
WARNING: Unmatched cancel notification for request id 6380
2023.11.07 15:47:52 WARN  Using indexes to guess the definition of currState
2023.11.07 15:47:52 WARN  Using indexes to guess the definition of Up
2023.11.07 15:48:00 WARN  Using indexes to guess the definition of drillHeight
Nov 07, 2023 3:48:01 PM org.eclipse.lsp4j.jsonrpc.RemoteEndpoint handleCancellation
WARNING: Unmatched cancel notification for request id 6454
2023.11.07 15:48:44 WARN  no build target for: /home/marm/Documents/FormalVerification/drill/Drill.scala
2023.11.07 15:52:53 WARN  no build target for: /home/marm/Documents/FormalVerification/drill/Drill.scala
Nov 07, 2023 3:57:14 PM org.eclipse.lsp4j.jsonrpc.RemoteEndpoint handleCancellation
WARNING: Unmatched cancel notification for request id 6781
Nov 07, 2023 3:57:56 PM org.eclipse.lsp4j.jsonrpc.RemoteEndpoint handleCancellation
WARNING: Unmatched cancel notification for request id 6839
Nov 07, 2023 4:00:44 PM org.eclipse.lsp4j.jsonrpc.RemoteEndpoint handleCancellation
WARNING: Unmatched cancel notification for request id 7191
2023.11.07 16:02:05 WARN  Using indexes to guess the definition of targetHeight
2023.11.07 16:02:12 WARN  Using indexes to guess the definition of targetHeight
Nov 07, 2023 4:02:40 PM org.eclipse.lsp4j.jsonrpc.RemoteEndpoint handleCancellation
WARNING: Unmatched cancel notification for request id 7424
2023.11.07 16:02:44 WARN  Using indexes to guess the definition of currDeployment
2023.11.07 16:02:44 WARN  Using indexes to guess the definition of currHeight
2023.11.07 16:02:44 WARN  Using indexes to guess the definition of currHeight
2023.11.07 16:02:44 WARN  Using indexes to guess the definition of currHeight
2023.11.07 16:02:45 WARN  Using indexes to guess the definition of currDeployment
2023.11.07 16:02:51 WARN  no build target for: /home/marm/Documents/FormalVerification/drill/Drill.scala
Nov 07, 2023 4:06:21 PM org.eclipse.lsp4j.jsonrpc.RemoteEndpoint handleCancellation
WARNING: Unmatched cancel notification for request id 7529
Nov 07, 2023 4:08:28 PM scala.meta.internal.pc.CompilerAccess handleError
SEVERE: A severe compiler error occurred, full details of the error can be found in the error report /home/marm/Documents/FormalVerification/drill/.metals/.reports/metals-full/2023-11-07/r_compiler-error_16-08-28-132.md
Nov 07, 2023 4:09:22 PM org.eclipse.lsp4j.jsonrpc.RemoteEndpoint handleCancellation
WARNING: Unmatched cancel notification for request id 7816
Nov 07, 2023 4:09:24 PM org.eclipse.lsp4j.jsonrpc.RemoteEndpoint handleCancellation
WARNING: Unmatched cancel notification for request id 7825
Nov 07, 2023 4:09:27 PM scala.meta.internal.pc.CompilerAccess handleError
SEVERE: A severe compiler error occurred, full details of the error can be found in the error report /home/marm/Documents/FormalVerification/drill/.metals/.reports/metals-full/2023-11-07/r_compiler-error_16-09-27-980.md
Nov 07, 2023 4:09:30 PM scala.meta.internal.pc.CompilerAccess handleError
SEVERE: A severe compiler error occurred, full details of the error can be found in the error report /home/marm/Documents/FormalVerification/drill/.metals/.reports/metals-full/2023-11-07/r_compiler-error_16-09-30-457.md
Nov 07, 2023 4:09:55 PM scala.meta.internal.pc.CompilerAccess handleError
SEVERE: A severe compiler error occurred, full details of the error can be found in the error report /home/marm/Documents/FormalVerification/drill/.metals/.reports/metals-full/2023-11-07/r_compiler-error_16-09-55-608.md
2023.11.07 16:09:56 WARN  no build target for: /home/marm/Documents/FormalVerification/drill/Drill.scala
Nov 07, 2023 4:11:36 PM org.eclipse.lsp4j.jsonrpc.RemoteEndpoint handleCancellation
WARNING: Unmatched cancel notification for request id 8003
2023.11.07 16:12:44 WARN  no build target for: /home/marm/Documents/FormalVerification/drill/Drill.scala
2023.11.08 08:28:52 INFO  Started: Metals version 1.1.0 in folders '/home/marm/Documents/FormalVerification/drill' for client Visual Studio Code 1.84.0.
2023.11.08 08:28:53 WARN  No build session currently active to reload.
2023.11.08 08:28:53 INFO  Attempting to connect to the build server...
2023.11.08 08:28:53 INFO  Running BSP server List(/home/marm/.cache/scalacli/local-repo/bin/scala-cli/scala-cli, bsp, --json-options, /home/marm/Documents/FormalVerification/cs550-main/labs/lab1/.scala-build/ide-options-v2.json, /home/marm/Documents/FormalVerification/cs550-main/labs/lab1)
2023.11.08 08:28:53 INFO  tracing is disabled for protocol BSP, to enable tracing of incoming and outgoing JSON messages create an empty file at /home/marm/Documents/FormalVerification/drill/.metals/bsp.trace.json or /home/marm/.cache/metals/bsp.trace.json
2023.11.08 08:28:55 INFO  BSP server: Starting compilation server
2023.11.08 08:29:02 INFO  no build target found for /home/marm/Documents/FormalVerification/drill/Drill.scala. Using presentation compiler with project's scala-library version: 3.3.1
2023.11.08 08:29:30 INFO  BSP server: Error: java.util.concurrent.TimeoutException: Future timed out after [30 seconds]
2023.11.08 08:29:30 INFO  BSP server: For more details, please see '/home/marm/Documents/FormalVerification/cs550-main/labs/lab1/.scala-build/stacktraces/1699428570-3671199986174305038.log'
2023.11.08 08:29:54 ERROR Timeout waiting for 'build/initialize' response
2023.11.08 08:29:54 WARN  Retrying connection to the build server scala-cli
2023.11.08 08:29:54 INFO  Running BSP server List(/home/marm/.cache/scalacli/local-repo/bin/scala-cli/scala-cli, bsp, --json-options, /home/marm/Documents/FormalVerification/cs550-main/labs/lab1/.scala-build/ide-options-v2.json, /home/marm/Documents/FormalVerification/cs550-main/labs/lab1)
2023.11.08 08:29:54 INFO  tracing is disabled for protocol BSP, to enable tracing of incoming and outgoing JSON messages create an empty file at /home/marm/Documents/FormalVerification/drill/.metals/bsp.trace.json or /home/marm/.cache/metals/bsp.trace.json
2023.11.08 08:29:55 INFO  time: Connected to build server in 1m1s
2023.11.08 08:29:55 INFO  Connected to Build server: scala-cli v1.0.4
2023.11.08 08:29:55 INFO  time: Imported build in 0.14s
2023.11.08 08:29:56 INFO  Deduplicating compilation of lab1_bd2c96d2de from bsp client 'scala-cli 1.0.4' (since 1.186s)
2023.11.08 08:29:56 INFO  Deduplicating compilation of lab1_bd2c96d2de from bsp client 'scala-cli 1.0.4' (since 2.15s)
2023.11.08 08:29:58 WARN  Could not find java sources in /usr/lib/jvm/src.zip, /usr/lib/jvm/lib/src.zip, /usr/lib/jvm/java-17-openjdk-amd64/src.zip, /usr/lib/jvm/java-17-openjdk-amd64/lib/src.zip, /usr/lib/jvm/src.zip, /usr/lib/jvm/lib/src.zip, /usr/lib/jvm/java-17-openjdk-amd64/src.zip, /usr/lib/jvm/java-17-openjdk-amd64/lib/src.zip. Java symbols will not be available.
2023.11.08 08:29:58 WARN  Could not find java sources in /usr/lib/jvm/src.zip, /usr/lib/jvm/lib/src.zip, /usr/lib/jvm/java-17-openjdk-amd64/src.zip, /usr/lib/jvm/java-17-openjdk-amd64/lib/src.zip, /usr/lib/jvm/src.zip, /usr/lib/jvm/lib/src.zip, /usr/lib/jvm/java-17-openjdk-amd64/src.zip, /usr/lib/jvm/java-17-openjdk-amd64/lib/src.zip. Java symbols will not be available.
2023.11.08 08:29:58 WARN  Could not find java sources in /usr/lib/jvm/src.zip, /usr/lib/jvm/lib/src.zip, /usr/lib/jvm/java-17-openjdk-amd64/src.zip, /usr/lib/jvm/java-17-openjdk-amd64/lib/src.zip, /usr/lib/jvm/src.zip, /usr/lib/jvm/lib/src.zip, /usr/lib/jvm/java-17-openjdk-amd64/src.zip, /usr/lib/jvm/java-17-openjdk-amd64/lib/src.zip. Java symbols will not be available.
2023.11.08 08:29:58 INFO  time: indexed workspace in 3.11s
2023.11.08 08:29:58 WARN  no build target for: /home/marm/Documents/FormalVerification/drill/Drill.scala
2023.11.08 08:47:10 INFO  time: code lens generation in 1.02s
2023.11.08 08:47:10 INFO  time: code lens generation in 1.02s
2023.11.08 08:53:21 WARN  no build target for: /home/marm/Documents/FormalVerification/drill/Drill.scala
2023.11.08 08:54:19 WARN  no build target for: /home/marm/Documents/FormalVerification/drill/Drill.scala
Nov 08, 2023 8:57:55 AM scala.meta.internal.pc.CompilerAccess handleError
SEVERE: A severe compiler error occurred, full details of the error can be found in the error report /home/marm/Documents/FormalVerification/drill/.metals/.reports/metals-full/2023-11-08/r_compiler-error_08-57-55-449.md
2023.11.08 08:57:58 WARN  no build target for: /home/marm/Documents/FormalVerification/drill/Drill.scala
Nov 08, 2023 8:58:37 AM org.eclipse.lsp4j.jsonrpc.RemoteEndpoint handleCancellation
WARNING: Unmatched cancel notification for request id 330
2023.11.08 08:58:39 WARN  no build target for: /home/marm/Documents/FormalVerification/drill/Drill.scala
2023.11.08 08:58:40 WARN  no build target for: /home/marm/Documents/FormalVerification/drill/Drill.scala
2023.11.08 08:59:55 ERROR Failed to tokenize input for semantic tokens for /home/marm/Documents/FormalVerification/drill/Drill.scala
scala.meta.tokenizers.TokenizeException: <input>:79: error: unclosed comment
    /*
    ^
	at scala.meta.internal.tokenizers.Reporter.incompleteInputError(Reporter.scala:27)
	at scala.meta.internal.tokenizers.Reporter.incompleteInputError$(Reporter.scala:26)
	at scala.meta.internal.tokenizers.Reporter$$anon$1.incompleteInputError(Reporter.scala:33)
	at scala.meta.internal.tokenizers.Reporter.incompleteInputError(Reporter.scala:29)
	at scala.meta.internal.tokenizers.Reporter.incompleteInputError$(Reporter.scala:29)
	at scala.meta.internal.tokenizers.Reporter$$anon$1.incompleteInputError(Reporter.scala:33)
	at scala.meta.internal.tokenizers.LegacyScanner.skipNestedComments(LegacyScanner.scala:52)
	at scala.meta.internal.tokenizers.LegacyScanner.skipToCommentEnd(LegacyScanner.scala:71)
	at scala.meta.internal.tokenizers.LegacyScanner.fetchToken(LegacyScanner.scala:313)
	at scala.meta.internal.tokenizers.LegacyScanner.nextToken(LegacyScanner.scala:211)
	at scala.meta.internal.tokenizers.LegacyScanner.foreach(LegacyScanner.scala:1011)
	at scala.meta.internal.tokenizers.ScalametaTokenizer.uncachedTokenize(ScalametaTokenizer.scala:24)
	at scala.meta.internal.tokenizers.ScalametaTokenizer.$anonfun$tokenize$1(ScalametaTokenizer.scala:17)
	at scala.collection.concurrent.TrieMap.getOrElseUpdate(TrieMap.scala:962)
	at scala.meta.internal.tokenizers.ScalametaTokenizer.tokenize(ScalametaTokenizer.scala:17)
	at scala.meta.internal.tokenizers.ScalametaTokenizer$$anon$2.apply(ScalametaTokenizer.scala:332)
	at scala.meta.tokenizers.Api$XtensionTokenizeDialectInput.tokenize(Api.scala:25)
	at scala.meta.tokenizers.Api$XtensionTokenizeInputLike.tokenize(Api.scala:14)
	at scala.meta.internal.metals.SemanticTokensProvider$.getTokens(SemanticTokensProvider.scala:28)
	at scala.meta.internal.metals.SemanticTokensProvider$.provide(SemanticTokensProvider.scala:89)
	at scala.meta.internal.metals.Compilers.$anonfun$semanticTokens$3(Compilers.scala:539)
	at scala.concurrent.impl.Promise$Transformation.run(Promise.scala:467)
	at java.util.concurrent.ThreadPoolExecutor.runWorker(ThreadPoolExecutor.java:1136)
	at java.util.concurrent.ThreadPoolExecutor$Worker.run(ThreadPoolExecutor.java:635)
	at java.lang.Thread.run(Thread.java:833)

2023.11.08 08:59:58 ERROR Failed to tokenize input for semantic tokens for /home/marm/Documents/FormalVerification/drill/Drill.scala
scala.meta.tokenizers.TokenizeException: <input>:79: error: unclosed comment
    /*
    ^
	at scala.meta.internal.tokenizers.Reporter.incompleteInputError(Reporter.scala:27)
	at scala.meta.internal.tokenizers.Reporter.incompleteInputError$(Reporter.scala:26)
	at scala.meta.internal.tokenizers.Reporter$$anon$1.incompleteInputError(Reporter.scala:33)
	at scala.meta.internal.tokenizers.Reporter.incompleteInputError(Reporter.scala:29)
	at scala.meta.internal.tokenizers.Reporter.incompleteInputError$(Reporter.scala:29)
	at scala.meta.internal.tokenizers.Reporter$$anon$1.incompleteInputError(Reporter.scala:33)
	at scala.meta.internal.tokenizers.LegacyScanner.skipNestedComments(LegacyScanner.scala:52)
	at scala.meta.internal.tokenizers.LegacyScanner.skipToCommentEnd(LegacyScanner.scala:71)
	at scala.meta.internal.tokenizers.LegacyScanner.fetchToken(LegacyScanner.scala:313)
	at scala.meta.internal.tokenizers.LegacyScanner.nextToken(LegacyScanner.scala:211)
	at scala.meta.internal.tokenizers.LegacyScanner.foreach(LegacyScanner.scala:1011)
	at scala.meta.internal.tokenizers.ScalametaTokenizer.uncachedTokenize(ScalametaTokenizer.scala:24)
	at scala.meta.internal.tokenizers.ScalametaTokenizer.$anonfun$tokenize$1(ScalametaTokenizer.scala:17)
	at scala.collection.concurrent.TrieMap.getOrElseUpdate(TrieMap.scala:962)
	at scala.meta.internal.tokenizers.ScalametaTokenizer.tokenize(ScalametaTokenizer.scala:17)
	at scala.meta.internal.tokenizers.ScalametaTokenizer$$anon$2.apply(ScalametaTokenizer.scala:332)
	at scala.meta.tokenizers.Api$XtensionTokenizeDialectInput.tokenize(Api.scala:25)
	at scala.meta.tokenizers.Api$XtensionTokenizeInputLike.tokenize(Api.scala:14)
	at scala.meta.internal.metals.SemanticTokensProvider$.getTokens(SemanticTokensProvider.scala:28)
	at scala.meta.internal.metals.SemanticTokensProvider$.provide(SemanticTokensProvider.scala:89)
	at scala.meta.internal.metals.Compilers.$anonfun$semanticTokens$3(Compilers.scala:539)
	at scala.concurrent.impl.Promise$Transformation.run(Promise.scala:467)
	at java.util.concurrent.ThreadPoolExecutor.runWorker(ThreadPoolExecutor.java:1136)
	at java.util.concurrent.ThreadPoolExecutor$Worker.run(ThreadPoolExecutor.java:635)
	at java.lang.Thread.run(Thread.java:833)

2023.11.08 08:59:58 WARN  no build target for: /home/marm/Documents/FormalVerification/drill/Drill.scala
2023.11.08 09:08:52 WARN  no build target for: /home/marm/Documents/FormalVerification/drill/Drill.scala
2023.11.08 09:08:54 WARN  no build target for: /home/marm/Documents/FormalVerification/drill/Drill.scala
2023.11.08 09:12:23 WARN  no build target for: /home/marm/Documents/FormalVerification/drill/Drill.scala
2023.11.08 09:13:25 WARN  no build target for: /home/marm/Documents/FormalVerification/drill/Drill.scala
2023.11.08 09:13:44 WARN  no build target for: /home/marm/Documents/FormalVerification/drill/Drill.scala
2023.11.08 09:19:40 WARN  no build target for: /home/marm/Documents/FormalVerification/drill/Drill.scala
2023.11.08 09:19:40 WARN  Using indexes to guess the definition of drillHeight
2023.11.08 09:19:52 WARN  no build target for: /home/marm/Documents/FormalVerification/drill/Drill.scala
Nov 08, 2023 10:23:43 AM org.eclipse.lsp4j.jsonrpc.RemoteEndpoint handleCancellation
WARNING: Unmatched cancel notification for request id 1359
Nov 08, 2023 10:23:52 AM scala.meta.internal.pc.CompilerAccess handleError
SEVERE: A severe compiler error occurred, full details of the error can be found in the error report /home/marm/Documents/FormalVerification/drill/.metals/.reports/metals-full/2023-11-08/r_compiler-error_10-23-52-095.md
Nov 08, 2023 10:23:52 AM scala.meta.internal.pc.CompilerAccess handleError
SEVERE: A severe compiler error occurred, full details of the error can be found in the error report /home/marm/Documents/FormalVerification/drill/.metals/.reports/metals-full/2023-11-08/r_compiler-error_10-23-52-254.md
2023.11.08 10:24:03 WARN  Using indexes to guess the definition of Launch
2023.11.08 10:24:03 WARN  Using indexes to guess the definition of Launch
2023.11.08 10:24:03 WARN  no build target for: /home/marm/Documents/FormalVerification/drill/Drill.scala
2023.11.08 10:24:13 WARN  no build target for: /home/marm/Documents/FormalVerification/drill/Drill.scala
Nov 08, 2023 11:13:44 AM scala.meta.internal.pc.CompilerAccess handleError
SEVERE: A severe compiler error occurred, full details of the error can be found in the error report /home/marm/Documents/FormalVerification/drill/.metals/.reports/metals-full/2023-11-08/r_compiler-error_11-13-44-527.md
Nov 08, 2023 11:14:02 AM scala.meta.internal.pc.CompilerAccess handleError
SEVERE: A severe compiler error occurred, full details of the error can be found in the error report /home/marm/Documents/FormalVerification/drill/.metals/.reports/metals-full/2023-11-08/r_compiler-error_11-14-02-853.md
Nov 08, 2023 11:14:03 AM scala.meta.internal.pc.CompilerAccess handleError
SEVERE: A severe compiler error occurred, full details of the error can be found in the error report /home/marm/Documents/FormalVerification/drill/.metals/.reports/metals-full/2023-11-08/r_compiler-error_11-14-03-367.md
Nov 08, 2023 11:14:17 AM scala.meta.internal.pc.CompilerAccess handleError
SEVERE: A severe compiler error occurred, full details of the error can be found in the error report /home/marm/Documents/FormalVerification/drill/.metals/.reports/metals-full/2023-11-08/r_compiler-error_11-14-17-359.md
Nov 08, 2023 11:14:26 AM scala.meta.internal.pc.CompilerAccess handleError
SEVERE: A severe compiler error occurred, full details of the error can be found in the error report /home/marm/Documents/FormalVerification/drill/.metals/.reports/metals-full/2023-11-08/r_compiler-error_11-14-26-729.md
Nov 08, 2023 11:14:52 AM scala.meta.internal.pc.CompilerAccess handleError
SEVERE: A severe compiler error occurred, full details of the error can be found in the error report /home/marm/Documents/FormalVerification/drill/.metals/.reports/metals-full/2023-11-08/r_compiler-error_11-14-52-497.md
2023.11.08 11:14:59 ERROR Failed to tokenize input for semantic tokens for /home/marm/Documents/FormalVerification/drill/Drill.scala
scala.meta.tokenizers.TokenizeException: <input>:89: error: Invalid literal number
    val sys: DrillState = DrillState(Idle(),drillHeight, 0, 0, 4dri)
                                                               ^
	at scala.meta.internal.tokenizers.Reporter.syntaxError(Reporter.scala:23)
	at scala.meta.internal.tokenizers.Reporter.syntaxError$(Reporter.scala:23)
	at scala.meta.internal.tokenizers.Reporter$$anon$1.syntaxError(Reporter.scala:33)
	at scala.meta.internal.tokenizers.Reporter.syntaxError(Reporter.scala:25)
	at scala.meta.internal.tokenizers.Reporter.syntaxError$(Reporter.scala:25)
	at scala.meta.internal.tokenizers.Reporter$$anon$1.syntaxError(Reporter.scala:33)
	at scala.meta.internal.tokenizers.LegacyScanner.checkNoLetter(LegacyScanner.scala:820)
	at scala.meta.internal.tokenizers.LegacyScanner.getFraction(LegacyScanner.scala:814)
	at scala.meta.internal.tokenizers.LegacyScanner.restOfUncertainToken$1(LegacyScanner.scala:851)
	at scala.meta.internal.tokenizers.LegacyScanner.getNumber(LegacyScanner.scala:872)
	at scala.meta.internal.tokenizers.LegacyScanner.fetchToken(LegacyScanner.scala:335)
	at scala.meta.internal.tokenizers.LegacyScanner.nextToken(LegacyScanner.scala:211)
	at scala.meta.internal.tokenizers.LegacyScanner.foreach(LegacyScanner.scala:1011)
	at scala.meta.internal.tokenizers.ScalametaTokenizer.uncachedTokenize(ScalametaTokenizer.scala:24)
	at scala.meta.internal.tokenizers.ScalametaTokenizer.$anonfun$tokenize$1(ScalametaTokenizer.scala:17)
	at scala.collection.concurrent.TrieMap.getOrElseUpdate(TrieMap.scala:962)
	at scala.meta.internal.tokenizers.ScalametaTokenizer.tokenize(ScalametaTokenizer.scala:17)
	at scala.meta.internal.tokenizers.ScalametaTokenizer$$anon$2.apply(ScalametaTokenizer.scala:332)
	at scala.meta.tokenizers.Api$XtensionTokenizeDialectInput.tokenize(Api.scala:25)
	at scala.meta.tokenizers.Api$XtensionTokenizeInputLike.tokenize(Api.scala:14)
	at scala.meta.internal.metals.SemanticTokensProvider$.getTokens(SemanticTokensProvider.scala:28)
	at scala.meta.internal.metals.SemanticTokensProvider$.provide(SemanticTokensProvider.scala:89)
	at scala.meta.internal.metals.Compilers.$anonfun$semanticTokens$3(Compilers.scala:539)
	at scala.concurrent.impl.Promise$Transformation.run(Promise.scala:467)
	at java.util.concurrent.ThreadPoolExecutor.runWorker(ThreadPoolExecutor.java:1136)
	at java.util.concurrent.ThreadPoolExecutor$Worker.run(ThreadPoolExecutor.java:635)
	at java.lang.Thread.run(Thread.java:833)

2023.11.08 11:15:00 ERROR Failed to tokenize input for semantic tokens for /home/marm/Documents/FormalVerification/drill/Drill.scala
scala.meta.tokenizers.TokenizeException: <input>:89: error: Invalid literal number
    val sys: DrillState = DrillState(Idle(),drillHeight, 0, 0, 4dril)
                                                               ^
	at scala.meta.internal.tokenizers.Reporter.syntaxError(Reporter.scala:23)
	at scala.meta.internal.tokenizers.Reporter.syntaxError$(Reporter.scala:23)
	at scala.meta.internal.tokenizers.Reporter$$anon$1.syntaxError(Reporter.scala:33)
	at scala.meta.internal.tokenizers.Reporter.syntaxError(Reporter.scala:25)
	at scala.meta.internal.tokenizers.Reporter.syntaxError$(Reporter.scala:25)
	at scala.meta.internal.tokenizers.Reporter$$anon$1.syntaxError(Reporter.scala:33)
	at scala.meta.internal.tokenizers.LegacyScanner.checkNoLetter(LegacyScanner.scala:820)
	at scala.meta.internal.tokenizers.LegacyScanner.getFraction(LegacyScanner.scala:814)
	at scala.meta.internal.tokenizers.LegacyScanner.restOfUncertainToken$1(LegacyScanner.scala:851)
	at scala.meta.internal.tokenizers.LegacyScanner.getNumber(LegacyScanner.scala:872)
	at scala.meta.internal.tokenizers.LegacyScanner.fetchToken(LegacyScanner.scala:335)
	at scala.meta.internal.tokenizers.LegacyScanner.nextToken(LegacyScanner.scala:211)
	at scala.meta.internal.tokenizers.LegacyScanner.foreach(LegacyScanner.scala:1011)
	at scala.meta.internal.tokenizers.ScalametaTokenizer.uncachedTokenize(ScalametaTokenizer.scala:24)
	at scala.meta.internal.tokenizers.ScalametaTokenizer.$anonfun$tokenize$1(ScalametaTokenizer.scala:17)
	at scala.collection.concurrent.TrieMap.getOrElseUpdate(TrieMap.scala:962)
	at scala.meta.internal.tokenizers.ScalametaTokenizer.tokenize(ScalametaTokenizer.scala:17)
	at scala.meta.internal.tokenizers.ScalametaTokenizer$$anon$2.apply(ScalametaTokenizer.scala:332)
	at scala.meta.tokenizers.Api$XtensionTokenizeDialectInput.tokenize(Api.scala:25)
	at scala.meta.tokenizers.Api$XtensionTokenizeInputLike.tokenize(Api.scala:14)
	at scala.meta.internal.metals.SemanticTokensProvider$.getTokens(SemanticTokensProvider.scala:28)
	at scala.meta.internal.metals.SemanticTokensProvider$.provide(SemanticTokensProvider.scala:89)
	at scala.meta.internal.metals.Compilers.$anonfun$semanticTokens$3(Compilers.scala:539)
	at scala.concurrent.impl.Promise$Transformation.run(Promise.scala:467)
	at java.util.concurrent.ThreadPoolExecutor.runWorker(ThreadPoolExecutor.java:1136)
	at java.util.concurrent.ThreadPoolExecutor$Worker.run(ThreadPoolExecutor.java:635)
	at java.lang.Thread.run(Thread.java:833)

Nov 08, 2023 11:15:02 AM scala.meta.internal.pc.CompilerAccess handleError
SEVERE: A severe compiler error occurred, full details of the error can be found in the error report /home/marm/Documents/FormalVerification/drill/.metals/.reports/metals-full/2023-11-08/r_compiler-error_11-15-02-021.md
Nov 08, 2023 11:15:07 AM scala.meta.internal.pc.CompilerAccess handleError
SEVERE: A severe compiler error occurred, full details of the error can be found in the error report /home/marm/Documents/FormalVerification/drill/.metals/.reports/metals-full/2023-11-08/r_compiler-error_11-15-07-692.md
Nov 08, 2023 11:15:09 AM scala.meta.internal.pc.CompilerAccess handleError
SEVERE: A severe compiler error occurred, full details of the error can be found in the error report /home/marm/Documents/FormalVerification/drill/.metals/.reports/metals-full/2023-11-08/r_compiler-error_11-15-09-360.md
Nov 08, 2023 11:15:09 AM org.eclipse.lsp4j.jsonrpc.RemoteEndpoint handleCancellation
WARNING: Unmatched cancel notification for request id 2062
Nov 08, 2023 11:15:09 AM scala.meta.internal.pc.CompilerAccess handleError
SEVERE: A severe compiler error occurred, full details of the error can be found in the error report /home/marm/Documents/FormalVerification/drill/.metals/.reports/metals-full/2023-11-08/r_compiler-error_11-15-09-964.md
Nov 08, 2023 11:15:10 AM scala.meta.internal.pc.CompilerAccess handleError
SEVERE: A severe compiler error occurred, full details of the error can be found in the error report /home/marm/Documents/FormalVerification/drill/.metals/.reports/metals-full/2023-11-08/r_compiler-error_11-15-10-066.md
Nov 08, 2023 11:15:12 AM scala.meta.internal.pc.CompilerAccess handleError
SEVERE: A severe compiler error occurred, full details of the error can be found in the error report /home/marm/Documents/FormalVerification/drill/.metals/.reports/metals-full/2023-11-08/r_compiler-error_11-15-12-481.md
2023.11.08 11:15:50 WARN  no build target for: /home/marm/Documents/FormalVerification/drill/Drill.scala
2023.11.08 11:16:08 WARN  no build target for: /home/marm/Documents/FormalVerification/drill/Drill.scala
2023.11.08 11:16:36 WARN  no build target for: /home/marm/Documents/FormalVerification/drill/Drill.scala
2023.11.08 11:18:10 WARN  no build target for: /home/marm/Documents/FormalVerification/drill/Drill.scala
2023.11.08 11:19:33 WARN  no build target for: /home/marm/Documents/FormalVerification/drill/Drill.scala
2023.11.08 11:20:05 WARN  no build target for: /home/marm/Documents/FormalVerification/drill/Drill.scala
2023.11.08 11:20:37 WARN  no build target for: /home/marm/Documents/FormalVerification/drill/Drill.scala
Nov 08, 2023 11:24:52 AM scala.meta.internal.pc.CompilerAccess handleError
SEVERE: A severe compiler error occurred, full details of the error can be found in the error report /home/marm/Documents/FormalVerification/drill/.metals/.reports/metals-full/2023-11-08/r_compiler-error_11-24-52-116.md
Nov 08, 2023 11:25:24 AM org.eclipse.lsp4j.jsonrpc.RemoteEndpoint handleCancellation
WARNING: Unmatched cancel notification for request id 2522
2023.11.08 11:25:27 WARN  no build target for: /home/marm/Documents/FormalVerification/drill/Drill.scala
2023.11.08 11:25:35 WARN  Using indexes to guess the definition of motor_active
2023.11.08 11:25:35 WARN  no build target for: /home/marm/Documents/FormalVerification/drill/Drill.scala
2023.11.08 11:27:35 WARN  no build target for: /home/marm/Documents/FormalVerification/drill/Drill.scala
2023.11.08 11:27:39 WARN  no build target for: /home/marm/Documents/FormalVerification/drill/Drill.scala
Nov 08, 2023 11:28:12 AM org.eclipse.lsp4j.jsonrpc.RemoteEndpoint handleCancellation
WARNING: Unmatched cancel notification for request id 2709
2023.11.08 11:31:47 WARN  no build target for: /home/marm/Documents/FormalVerification/drill/Drill.scala
2023.11.08 11:33:18 WARN  no build target for: /home/marm/Documents/FormalVerification/drill/Drill.scala
2023.11.08 11:33:31 WARN  no build target for: /home/marm/Documents/FormalVerification/drill/Drill.scala
2023.11.08 11:33:44 WARN  no build target for: /home/marm/Documents/FormalVerification/drill/Drill.scala
2023.11.08 11:33:54 WARN  no build target for: /home/marm/Documents/FormalVerification/drill/Drill.scala
2023.11.08 11:34:49 WARN  no build target for: /home/marm/Documents/FormalVerification/drill/Drill.scala
2023.11.08 11:35:35 WARN  no build target for: /home/marm/Documents/FormalVerification/drill/Drill.scala
2023.11.08 11:37:35 WARN  no build target for: /home/marm/Documents/FormalVerification/drill/Drill.scala
Nov 08, 2023 1:26:18 PM org.eclipse.lsp4j.jsonrpc.RemoteEndpoint handleCancellation
WARNING: Unmatched cancel notification for request id 3512
Nov 08, 2023 1:27:56 PM org.eclipse.lsp4j.jsonrpc.RemoteEndpoint handleCancellation
WARNING: Unmatched cancel notification for request id 3794
2023.11.08 13:28:38 WARN  no build target for: /home/marm/Documents/FormalVerification/drill/Drill.scala
2023.11.08 13:30:14 WARN  no build target for: /home/marm/Documents/FormalVerification/drill/Drill.scala
2023.11.08 13:33:56 WARN  no build target for: /home/marm/Documents/FormalVerification/drill/Drill.scala
2023.11.08 13:35:12 WARN  no build target for: /home/marm/Documents/FormalVerification/drill/Drill.scala
2023.11.08 13:35:56 WARN  no build target for: /home/marm/Documents/FormalVerification/drill/Drill.scala
2023.11.08 13:43:39 WARN  no build target for: /home/marm/Documents/FormalVerification/drill/Drill.scala
2023.11.08 13:44:04 WARN  no build target for: /home/marm/Documents/FormalVerification/drill/Drill.scala
Nov 08, 2023 1:45:46 PM org.eclipse.lsp4j.jsonrpc.RemoteEndpoint handleCancellation
WARNING: Unmatched cancel notification for request id 4895
2023.11.08 13:47:24 WARN  Using indexes to guess the definition of Instruction
2023.11.08 13:47:27 WARN  Using indexes to guess the definition of List
2023.11.08 13:53:24 WARN  Using indexes to guess the definition of Cons
2023.11.08 13:53:32 WARN  no build target for: /home/marm/Documents/FormalVerification/drill/Drill.scala
2023.11.08 13:55:04 WARN  no build target for: /home/marm/Documents/FormalVerification/drill/Drill.scala
2023.11.08 14:02:05 WARN  no build target for: /home/marm/Documents/FormalVerification/drill/Drill.scala
2023.11.08 15:30:49 WARN  no build target for: /home/marm/Documents/FormalVerification/drill/Drill.scala
2023.11.08 15:31:08 WARN  no build target for: /home/marm/Documents/FormalVerification/drill/Drill.scala
2023.11.08 15:38:02 WARN  no build target for: /home/marm/Documents/FormalVerification/drill/Drill.scala
2023.11.08 15:39:18 WARN  no build target for: /home/marm/Documents/FormalVerification/drill/Drill.scala
2023.11.08 15:42:02 WARN  no build target for: /home/marm/Documents/FormalVerification/drill/Drill.scala
2023.11.08 15:43:35 WARN  no build target for: /home/marm/Documents/FormalVerification/drill/Drill.scala
2023.11.08 16:14:09 INFO  Shutting down server
2023.11.08 16:14:09 INFO  shutting down Metals
2023.11.08 16:14:09 INFO  Shut down connection with build server.
2023.11.08 16:14:09 INFO  Exiting server
2023.11.09 08:20:59 INFO  Started: Metals version 1.1.0 in folders '/home/marm/Documents/FormalVerification/drill' for client Visual Studio Code 1.84.0.
2023.11.09 08:21:01 WARN  No build session currently active to reload.
2023.11.09 08:21:01 INFO  Attempting to connect to the build server...
2023.11.09 08:21:01 INFO  Running BSP server List(/home/marm/.cache/scalacli/local-repo/bin/scala-cli/scala-cli, bsp, --json-options, /home/marm/Documents/FormalVerification/cs550-main/labs/lab1/.scala-build/ide-options-v2.json, /home/marm/Documents/FormalVerification/cs550-main/labs/lab1)
2023.11.09 08:21:01 INFO  tracing is disabled for protocol BSP, to enable tracing of incoming and outgoing JSON messages create an empty file at /home/marm/Documents/FormalVerification/drill/.metals/bsp.trace.json or /home/marm/.cache/metals/bsp.trace.json
2023.11.09 08:21:05 INFO  BSP server: Checking https://repo1.maven.org/maven2/org/scala-lang/scala3-library_3/
2023.11.09 08:21:05 INFO  BSP server: Checked https://repo1.maven.org/maven2/org/scala-lang/scala3-library_3/
2023.11.09 08:21:05 INFO  BSP server: Downloading https://repo1.maven.org/maven2/org/scala-lang/scala3-library_3/
2023.11.09 08:21:05 INFO  BSP server: Downloaded https://repo1.maven.org/maven2/org/scala-lang/scala3-library_3/
2023.11.09 08:21:05 INFO  BSP server: Checking https://repo1.maven.org/maven2/org/scala-lang/scala3-library_3/maven-metadata.xml
2023.11.09 08:21:05 INFO  BSP server: Checked https://repo1.maven.org/maven2/org/scala-lang/scala3-library_3/maven-metadata.xml
2023.11.09 08:21:05 INFO  BSP server: Downloading https://repo1.maven.org/maven2/org/scala-lang/scala3-library_3/maven-metadata.xml
2023.11.09 08:21:05 INFO  BSP server: Downloaded https://repo1.maven.org/maven2/org/scala-lang/scala3-library_3/maven-metadata.xml
2023.11.09 08:21:05 INFO  time: Connected to build server in 4.3s
2023.11.09 08:21:05 INFO  Connected to Build server: scala-cli v1.0.4
2023.11.09 08:21:05 INFO  no build target found for /home/marm/Documents/FormalVerification/drill/Drill.scala. Using presentation compiler with project's scala-library version: 3.3.1
2023.11.09 08:21:06 INFO  time: Imported build in 0.67s
2023.11.09 08:21:09 WARN  Could not find java sources in /usr/lib/jvm/src.zip, /usr/lib/jvm/lib/src.zip, /usr/lib/jvm/java-17-openjdk-amd64/src.zip, /usr/lib/jvm/java-17-openjdk-amd64/lib/src.zip, /usr/lib/jvm/src.zip, /usr/lib/jvm/lib/src.zip, /usr/lib/jvm/java-17-openjdk-amd64/src.zip, /usr/lib/jvm/java-17-openjdk-amd64/lib/src.zip. Java symbols will not be available.
2023.11.09 08:21:09 WARN  Could not find java sources in /usr/lib/jvm/src.zip, /usr/lib/jvm/lib/src.zip, /usr/lib/jvm/java-17-openjdk-amd64/src.zip, /usr/lib/jvm/java-17-openjdk-amd64/lib/src.zip, /usr/lib/jvm/src.zip, /usr/lib/jvm/lib/src.zip, /usr/lib/jvm/java-17-openjdk-amd64/src.zip, /usr/lib/jvm/java-17-openjdk-amd64/lib/src.zip. Java symbols will not be available.
2023.11.09 08:21:09 WARN  Could not find java sources in /usr/lib/jvm/src.zip, /usr/lib/jvm/lib/src.zip, /usr/lib/jvm/java-17-openjdk-amd64/src.zip, /usr/lib/jvm/java-17-openjdk-amd64/lib/src.zip, /usr/lib/jvm/src.zip, /usr/lib/jvm/lib/src.zip, /usr/lib/jvm/java-17-openjdk-amd64/src.zip, /usr/lib/jvm/java-17-openjdk-amd64/lib/src.zip. Java symbols will not be available.
2023.11.09 08:21:09 INFO  time: indexed workspace in 2.34s
2023.11.09 08:21:09 WARN  no build target for: /home/marm/Documents/FormalVerification/drill/Drill.scala
2023.11.09 08:21:14 INFO  time: code lens generation in 4.39s
2023.11.09 08:21:14 INFO  time: code lens generation in 4.84s
2023.11.09 08:21:56 WARN  no build target for: /home/marm/Documents/FormalVerification/drill/Drill.scala
2023.11.09 08:22:38 WARN  no build target for: /home/marm/Documents/FormalVerification/drill/Drill.scala
2023.11.09 08:33:41 WARN  Using indexes to guess the definition of isInitial
2023.11.09 08:51:14 WARN  no build target for: /home/marm/Documents/FormalVerification/drill/Drill.scala
2023.11.09 08:52:04 WARN  no build target for: /home/marm/Documents/FormalVerification/drill/Drill.scala
2023.11.09 08:57:22 WARN  no build target for: /home/marm/Documents/FormalVerification/drill/Drill.scala
2023.11.09 08:59:42 WARN  Using indexes to guess the definition of Instruction
2023.11.09 09:00:21 WARN  no build target for: /home/marm/Documents/FormalVerification/drill/Drill.scala
2023.11.09 09:01:32 WARN  Using indexes to guess the definition of isTraceLike
2023.11.09 09:01:39 WARN  no build target for: /home/marm/Documents/FormalVerification/drill/Drill.scala
2023.11.09 09:02:35 WARN  no build target for: /home/marm/Documents/FormalVerification/drill/Drill.scala
2023.11.09 09:20:16 WARN  no build target for: /home/marm/Documents/FormalVerification/drill/Drill.scala
2023.11.09 09:30:41 WARN  no build target for: /home/marm/Documents/FormalVerification/drill/Drill.scala
2023.11.09 09:32:23 WARN  no build target for: /home/marm/Documents/FormalVerification/drill/Drill.scala
Nov 09, 2023 9:33:51 AM org.eclipse.lsp4j.jsonrpc.RemoteEndpoint handleCancellation
WARNING: Unmatched cancel notification for request id 799
2023.11.09 09:44:18 WARN  no build target for: /home/marm/Documents/FormalVerification/drill/Drill.scala
2023.11.09 10:15:15 WARN  Using indexes to guess the definition of Idle
2023.11.09 10:15:15 WARN  Using indexes to guess the definition of waiting
2023.11.09 10:15:15 WARN  Using indexes to guess the definition of currHeight
Nov 09, 2023 10:44:19 AM org.eclipse.lsp4j.jsonrpc.RemoteEndpoint handleCancellation
WARNING: Unmatched cancel notification for request id 1249
2023.11.09 10:44:45 WARN  no build target for: /home/marm/Documents/FormalVerification/drill/Drill.scala
2023.11.09 10:45:26 WARN  no build target for: /home/marm/Documents/FormalVerification/drill/Drill.scala
2023.11.09 10:46:56 WARN  no build target for: /home/marm/Documents/FormalVerification/drill/Drill.scala
2023.11.09 10:47:16 WARN  no build target for: /home/marm/Documents/FormalVerification/drill/Drill.scala
2023.11.09 10:49:06 WARN  no build target for: /home/marm/Documents/FormalVerification/drill/Drill.scala
2023.11.09 10:49:28 WARN  no build target for: /home/marm/Documents/FormalVerification/drill/Drill.scala
2023.11.09 10:49:30 WARN  no build target for: /home/marm/Documents/FormalVerification/drill/Drill.scala
2023.11.09 10:50:30 WARN  no build target for: /home/marm/Documents/FormalVerification/drill/Drill.scala
2023.11.09 11:05:06 WARN  no build target for: /home/marm/Documents/FormalVerification/drill/Drill.scala
2023.11.09 11:41:38 WARN  no build target for: /home/marm/Documents/FormalVerification/drill/Drill.scala
2023.11.09 11:41:50 WARN  no build target for: /home/marm/Documents/FormalVerification/drill/Drill.scala
2023.11.09 11:41:55 WARN  no build target for: /home/marm/Documents/FormalVerification/drill/Drill.scala
2023.11.09 11:42:05 WARN  no build target for: /home/marm/Documents/FormalVerification/drill/Drill.scala
2023.11.09 11:54:03 WARN  Using indexes to guess the definition of Some
Nov 09, 2023 11:54:26 AM org.eclipse.lsp4j.jsonrpc.RemoteEndpoint handleCancellation
WARNING: Unmatched cancel notification for request id 2057
2023.11.09 11:55:09 WARN  no build target for: /home/marm/Documents/FormalVerification/drill/Drill.scala
2023.11.09 11:56:46 WARN  no build target for: /home/marm/Documents/FormalVerification/drill/Drill.scala
2023.11.09 11:57:06 WARN  no build target for: /home/marm/Documents/FormalVerification/drill/Drill.scala
Nov 09, 2023 12:50:36 PM org.eclipse.lsp4j.jsonrpc.RemoteEndpoint handleCancellation
WARNING: Unmatched cancel notification for request id 2551
Nov 09, 2023 12:50:38 PM org.eclipse.lsp4j.jsonrpc.RemoteEndpoint handleCancellation
WARNING: Unmatched cancel notification for request id 2557
2023.11.09 12:58:55 WARN  no build target for: /home/marm/Documents/FormalVerification/drill/Drill.scala
2023.11.09 13:11:27 WARN  no build target for: /home/marm/Documents/FormalVerification/drill/Drill.scala
2023.11.09 13:33:56 WARN  Using indexes to guess the definition of targetHeight
2023.11.09 13:57:26 WARN  no build target for: /home/marm/Documents/FormalVerification/drill/Drill.scala
2023.11.09 13:57:42 WARN  no build target for: /home/marm/Documents/FormalVerification/drill/Drill.scala
Nov 09, 2023 3:00:06 PM org.eclipse.lsp4j.jsonrpc.RemoteEndpoint handleCancellation
WARNING: Unmatched cancel notification for request id 2978
